Using pre-set license
Built from '2020.3/staging' branch; Version is '2020.3.0f1 (c7b5465681fb) revision 13088070'; Using compiler version '192528614'; Build Type 'Release'
OS: 'Windows 10 Home; OS build 19042.1415; Version 2009; 64bit' Language: 'en' Physical Memory: 15970 MB
BatchMode: 1, IsHumanControllingUs: 0, StartBugReporterOnCrash: 0, Is64bit: 1, IsPro: 0

 COMMAND LINE ARGUMENTS:
C:\Program Files\Unity\Hub\Editor\2020.3.0f1\Editor\Unity.exe
-adb2
-batchMode
-noUpm
-name
AssetImportWorker0
-projectPath
C:/Users/csviv/Desktop/unity/failure is progress 2
-logFile
Logs/AssetImportWorker0.log
-srvPort
56866
Successfully changed project path to: C:/Users/csviv/Desktop/unity/failure is progress 2
C:/Users/csviv/Desktop/unity/failure is progress 2
Using Asset Import Pipeline V2.
Refreshing native plugins compatible for Editor in 139.00 ms, found 3 plugins.
Preloading 0 native plugins for Editor in 0.00 ms.
Initialize engine version: 2020.3.0f1 (c7b5465681fb)
[Subsystems] Discovering subsystems at path C:/Program Files/Unity/Hub/Editor/2020.3.0f1/Editor/Data/Resources/UnitySubsystems
[Subsystems] Discovering subsystems at path C:/Users/csviv/Desktop/unity/failure is progress 2/Assets
GfxDevice: creating device client; threaded=0
Direct3D:
    Version:  Direct3D 11.0 [level 11.1]
    Renderer: Intel(R) Iris(R) Plus Graphics (ID=0x8a52)
    Vendor:   
    VRAM:     7985 MB
    Driver:   27.20.100.9621
Initialize mono
Mono path[0] = 'C:/Program Files/Unity/Hub/Editor/2020.3.0f1/Editor/Data/Managed'
Mono path[1] = 'C:/Program Files/Unity/Hub/Editor/2020.3.0f1/Editor/Data/MonoBleedingEdge/lib/mono/unityjit'
Mono config path = 'C:/Program Files/Unity/Hub/Editor/2020.3.0f1/Editor/Data/MonoBleedingEdge/etc'
Using monoOptions --debugger-agent=transport=dt_socket,embedding=1,server=y,suspend=n,address=127.0.0.1:56040
Begin MonoManager ReloadAssembly
Registering precompiled unity dll's ...
Register platform support module: C:/Program Files/Unity/Hub/Editor/2020.3.0f1/Editor/Data/PlaybackEngines/WebGLSupport/UnityEditor.WebGL.Extensions.dll
Register platform support module: C:/Program Files/Unity/Hub/Editor/2020.3.0f1/Editor/Data/PlaybackEngines/WindowsStandaloneSupport/UnityEditor.WindowsStandalone.Extensions.dll
Registered in 0.003296 seconds.
Native extension for WindowsStandalone target not found
Native extension for WebGL target not found
Refreshing native plugins compatible for Editor in 118.06 ms, found 3 plugins.
Preloading 0 native plugins for Editor in 0.00 ms.
Invoked RoslynAnalysisRunner static constructor.
RoslynAnalysisRunner will not be running.
RoslynAnalysisRunner has terminated.
Mono: successfully reloaded assembly
- Completed reload, in 12.832 seconds
Platform modules already initialized, skipping
Registering precompiled user dll's ...
Registered in 0.017709 seconds.
Begin MonoManager ReloadAssembly
Native extension for WindowsStandalone target not found
Native extension for WebGL target not found
Refreshing native plugins compatible for Editor in 100.19 ms, found 3 plugins.
Preloading 0 native plugins for Editor in 0.00 ms.
Invoked RoslynAnalysisRunner static constructor.
RoslynAnalysisRunner will not be running.
RoslynAnalysisRunner has terminated.
Mono: successfully reloaded assembly
- Completed reload, in  1.828 seconds
Platform modules already initialized, skipping
========================================================================
Worker process is ready to serve import requests
Launched and connected shader compiler UnityShaderCompiler.exe after 0.09 seconds
Refreshing native plugins compatible for Editor in 1.65 ms, found 3 plugins.
Preloading 0 native plugins for Editor in 0.00 ms.
Unloading 2215 Unused Serialized files (Serialized files now loaded: 0)
System memory in use before: 99.4 MB.
System memory in use after: 99.5 MB.

Unloading 74 unused Assets to reduce memory usage. Loaded Objects now: 2610.
Total: 5.220800 ms (FindLiveObjects: 0.458100 ms CreateObjectMapping: 0.214300 ms MarkObjects: 4.442000 ms  DeleteObjects: 0.103100 ms)

========================================================================
Received Import Request.
  path: Assets/Editor/NewBehaviourScript.cs
  artifactKey: Guid(14671a66c4aaa064691453e11862ecd8) Importer(815301076,1909f56bfc062723c751e8b465ee728b)
Start importing Assets/Editor/NewBehaviourScript.cs using Guid(14671a66c4aaa064691453e11862ecd8) Importer(815301076,1909f56bfc062723c751e8b465ee728b)  -> (artifact id: '975bceab6444524999ee5fa50b742943') in 0.056907 seconds
  Import took 0.064920 seconds .

========================================================================
Received Import Request.
  Time since last request: 5.062321 seconds.
  path: Assets/Editor/GlobalConfig.cs
  artifactKey: Guid(14671a66c4aaa064691453e11862ecd8) Importer(815301076,1909f56bfc062723c751e8b465ee728b)
Start importing Assets/Editor/GlobalConfig.cs using Guid(14671a66c4aaa064691453e11862ecd8) Importer(815301076,1909f56bfc062723c751e8b465ee728b)  -> (artifact id: '4af54fe2011cbbf3b315aa0f58e6585a') in 0.017705 seconds
  Import took 0.028858 seconds .

========================================================================
Received Prepare
Registering precompiled user dll's ...
Registered in 0.007031 seconds.
Begin MonoManager ReloadAssembly
Native extension for WindowsStandalone target not found
Native extension for WebGL target not found
Refreshing native plugins compatible for Editor in 1.56 ms, found 3 plugins.
Preloading 0 native plugins for Editor in 0.00 ms.
Invoked RoslynAnalysisRunner static constructor.
RoslynAnalysisRunner will not be running.
RoslynAnalysisRunner has terminated.
Mono: successfully reloaded assembly
- Completed reload, in  2.689 seconds
Platform modules already initialized, skipping
Switching build target platform(5) subTarget(0) extendedPlatform(0) -> platform(13) subTarget(537395200) extendedPlatform(0)
Refreshing native plugins compatible for Editor in 1.14 ms, found 3 plugins.
Preloading 0 native plugins for Editor in 0.00 ms.
Unloading 2194 Unused Serialized files (Serialized files now loaded: 0)
System memory in use before: 97.8 MB.
System memory in use after: 97.9 MB.

Unloading 64 unused Assets to reduce memory usage. Loaded Objects now: 2613.
Total: 3.099500 ms (FindLiveObjects: 0.313600 ms CreateObjectMapping: 0.129400 ms MarkObjects: 2.601900 ms  DeleteObjects: 0.053000 ms)

AssetImportParameters requested are different than current active one (requested -> active):
  custom:graphics/normal-map-encoding: 01000000000000000000000000000000 -> 02000000000000000000000000000000
========================================================================
Received Prepare
Registering precompiled user dll's ...
Registered in 0.025810 seconds.
Begin MonoManager ReloadAssembly
Native extension for WindowsStandalone target not found
Native extension for WebGL target not found
Refreshing native plugins compatible for Editor in 2.38 ms, found 3 plugins.
Preloading 0 native plugins for Editor in 0.00 ms.
Invoked RoslynAnalysisRunner static constructor.
RoslynAnalysisRunner will not be running.
RoslynAnalysisRunner has terminated.
Mono: successfully reloaded assembly
- Completed reload, in  2.381 seconds
Platform modules already initialized, skipping
Switching build target platform(5) subTarget(0) extendedPlatform(0) -> platform(13) subTarget(537395200) extendedPlatform(0)
Refreshing native plugins compatible for Editor in 1.43 ms, found 3 plugins.
Preloading 0 native plugins for Editor in 0.00 ms.
Unloading 2194 Unused Serialized files (Serialized files now loaded: 0)
System memory in use before: 97.9 MB.
System memory in use after: 98.0 MB.

Unloading 64 unused Assets to reduce memory usage. Loaded Objects now: 2616.
Total: 4.470100 ms (FindLiveObjects: 0.505600 ms CreateObjectMapping: 0.275900 ms MarkObjects: 3.611000 ms  DeleteObjects: 0.075400 ms)

AssetImportParameters requested are different than current active one (requested -> active):
  custom:graphics/normal-map-encoding: 01000000000000000000000000000000 -> 02000000000000000000000000000000
========================================================================
Received Import Request.
  Time since last request: 185.876944 seconds.
  path: Assets/Editor/GlobalConfig.cs
  artifactKey: Guid(14671a66c4aaa064691453e11862ecd8) Importer(815301076,1909f56bfc062723c751e8b465ee728b)
Start importing Assets/Editor/GlobalConfig.cs using Guid(14671a66c4aaa064691453e11862ecd8) Importer(815301076,1909f56bfc062723c751e8b465ee728b)  -> (artifact id: 'cc40ff8fd9450541a68f7055bfa94db7') in 0.008988 seconds
  Import took 0.019433 seconds .

========================================================================
Received Prepare
Refreshing native plugins compatible for Editor in 33.22 ms, found 3 plugins.
Preloading 0 native plugins for Editor in 0.00 ms.
Unloading 61 Unused Serialized files (Serialized files now loaded: 0)
System memory in use before: 55.9 MB.
System memory in use after: 56.0 MB.

Unloading 60 unused Assets to reduce memory usage. Loaded Objects now: 2616.
Total: 6.495400 ms (FindLiveObjects: 0.342800 ms CreateObjectMapping: 0.154800 ms MarkObjects: 5.920600 ms  DeleteObjects: 0.073500 ms)

